SF:lib/features/home/domain/home_entity.dart
DA:6,8
DA:14,1
DA:15,3
DA:17,1
DA:23,1
DA:24,1
DA:25,1
LF:7
LH:7
end_of_record
SF:lib/features/home/domain/home_input.dart
DA:6,1
LF:1
LH:1
end_of_record
SF:lib/features/home/domain/home_ui_output.dart
DA:6,3
DA:12,1
DA:13,2
DA:17,3
DA:23,1
DA:24,2
LF:6
LH:6
end_of_record
SF:lib/features/home/domain/home_use_case.dart
DA:10,2
DA:11,2
DA:13,2
DA:14,2
DA:15,2
DA:16,2
DA:20,7
DA:22,7
DA:26,2
DA:30,2
DA:31,2
DA:34,1
DA:37,1
DA:43,2
DA:50,2
DA:52,2
DA:53,2
DA:59,1
DA:61,1
DA:62,1
DA:63,1
LF:21
LH:21
end_of_record
SF:lib/features/home/home_provider.dart
DA:7,6
DA:9,0
DA:11,0
DA:12,0
DA:16,0
DA:18,0
DA:19,0
LF:7
LH:1
end_of_record
SF:lib/core/requests/data_request.dart
DA:4,4
LF:1
LH:1
end_of_record
SF:lib/core/responses/data_success_response.dart
DA:4,2
LF:1
LH:1
end_of_record
SF:lib/features/home/external_interface/get_home_data_external_interface.dart
DA:8,0
DA:10,0
DA:14,0
DA:16,0
DA:17,0
DA:18,0
DA:19,0
DA:20,0
DA:23,0
DA:25,0
DA:30,0
DA:32,0
LF:12
LH:0
end_of_record
SF:lib/features/home/external_interface/home_gateway.dart
DA:8,0
DA:10,0
DA:13,0
DA:18,0
DA:20,0
DA:25,0
DA:30,0
DA:31,0
DA:35,6
LF:9
LH:1
end_of_record
SF:lib/core/dependency_providers.dart
DA:4,6
DA:5,3
LF:2
LH:2
end_of_record
SF:lib/features/login/login_provider.dart
DA:7,12
DA:9,6
DA:11,2
DA:12,2
DA:16,6
DA:18,2
DA:19,2
LF:7
LH:7
end_of_record
SF:lib/features/login/domain/login_entity.dart
DA:6,10
DA:18,1
DA:19,4
DA:21,3
DA:28,3
DA:29,2
DA:30,2
DA:31,2
DA:32,3
LF:9
LH:9
end_of_record
SF:lib/features/login/domain/login_input.dart
DA:4,4
LF:1
LH:1
end_of_record
SF:lib/features/login/domain/login_ui_output.dart
DA:6,4
DA:18,3
DA:19,3
DA:20,3
DA:21,3
DA:22,3
LF:6
LH:6
end_of_record
SF:lib/features/login/domain/login_use_case.dart
DA:9,3
DA:10,3
DA:12,3
DA:13,3
DA:14,3
DA:18,2
DA:19,6
DA:20,2
DA:22,2
DA:23,2
DA:24,1
DA:25,2
DA:26,1
DA:27,1
DA:31,2
DA:32,4
DA:33,2
DA:40,2
DA:42,2
DA:45,2
DA:48,2
DA:50,6
DA:56,3
DA:58,3
DA:59,3
DA:60,3
DA:61,3
DA:67,2
DA:69,2
DA:70,2
DA:71,2
LF:31
LH:31
end_of_record
SF:lib/features/login/external_interface/get_random_data_gateway.dart
DA:8,2
DA:10,2
DA:13,1
DA:15,1
DA:16,2
DA:17,2
DA:21,2
DA:23,4
DA:28,2
DA:33,1
DA:34,1
DA:38,2
LF:12
LH:12
end_of_record
SF:lib/features/login/external_interface/get_random_data_external_interface.dart
DA:8,2
DA:10,4
DA:11,2
DA:12,2
DA:13,2
DA:14,2
DA:15,2
DA:18,1
DA:20,2
DA:25,2
DA:27,2
LF:11
LH:11
end_of_record
SF:lib/features/login/presentation/login_presenter.dart
DA:14,2
DA:17,4
DA:19,2
DA:21,2
DA:24,2
DA:26,2
DA:27,2
DA:28,2
DA:29,2
DA:30,2
DA:31,6
DA:32,2
DA:33,4
DA:37,1
DA:39,3
LF:15
LH:15
end_of_record
SF:lib/features/login/presentation/login_view_model.dart
DA:5,2
DA:26,1
DA:27,5
LF:3
LH:3
end_of_record
SF:lib/features/home/presentation/home_presenter.dart
DA:10,1
DA:13,2
DA:15,1
DA:17,1
DA:18,1
DA:19,1
DA:20,0
DA:21,0
DA:22,1
LF:9
LH:7
end_of_record
SF:lib/features/home/presentation/home_view_model.dart
DA:8,1
DA:14,1
DA:22,0
DA:23,0
LF:4
LH:2
end_of_record
SF:lib/features/home/presentation/home_ui.dart
DA:13,1
DA:15,1
DA:17,1
DA:20,1
DA:22,1
DA:23,1
DA:24,1
DA:30,1
DA:31,1
DA:33,1
DA:35,1
DA:36,1
DA:37,0
DA:40,1
DA:41,0
DA:44,1
DA:45,0
DA:52,1
DA:53,1
DA:55,1
DA:57,1
DA:63,1
DA:64,1
DA:66,1
DA:67,1
DA:68,1
DA:71,1
DA:72,1
DA:77,1
DA:78,0
DA:82,1
LF:31
LH:27
end_of_record
SF:lib/features/home/presentation/ui_widgets/colored_button/colored_button_widget.dart
DA:5,1
DA:7,1
DA:8,1
DA:12,1
DA:14,1
DA:15,1
DA:16,1
DA:17,6
DA:19,0
LF:9
LH:8
end_of_record
SF:lib/features/home/presentation/ui_widgets/counter/counter_ui.dart
DA:8,1
DA:10,1
DA:12,1
DA:15,1
DA:17,1
DA:18,1
DA:19,2
LF:7
LH:7
end_of_record
SF:lib/features/home/presentation/ui_widgets/counter/counter_presenter.dart
DA:9,1
DA:12,2
DA:14,1
DA:16,1
DA:17,1
LF:5
LH:5
end_of_record
SF:lib/features/home/presentation/ui_widgets/counter/counter_view_model.dart
DA:4,1
DA:6,1
DA:10,0
DA:11,0
LF:4
LH:2
end_of_record
SF:lib/features/login/presentation/login_ui.dart
DA:10,1
DA:12,1
DA:14,1
DA:17,1
DA:19,1
DA:20,1
DA:27,1
DA:29,2
DA:36,2
DA:38,1
DA:56,1
DA:59,4
DA:60,4
DA:63,1
DA:65,1
DA:66,1
DA:67,1
DA:69,1
DA:70,5
DA:71,1
DA:73,1
DA:75,1
DA:76,3
DA:81,3
DA:82,1
DA:88,1
DA:90,1
DA:92,1
DA:93,3
DA:98,3
DA:99,1
DA:106,1
DA:109,1
DA:111,1
DA:112,7
DA:113,6
LF:36
LH:36
end_of_record
SF:lib/routing/app_router.dart
DA:7,1
DA:8,1
DA:9,1
DA:10,1
DA:16,3
DA:18,3
LF:6
LH:6
end_of_record
